2025-11-10T20:43:43.638+08:00  INFO 14224 --- [quotes-facts-service] [main] c.g.quotesfacts.QuotesFactsApplication   : Starting QuotesFactsApplication using Java 24.0.2 with PID 14224 (E:\Java_WS\QuotesFacts_BE\target\classes started by itsgv in E:\Java_WS\QuotesFacts_BE)
2025-11-10T20:43:43.641+08:00  INFO 14224 --- [quotes-facts-service] [main] c.g.quotesfacts.QuotesFactsApplication   : No active profile set, falling back to 1 default profile: "default"
2025-11-10T20:43:44.444+08:00  INFO 14224 --- [quotes-facts-service] [main] .s.d.r.c.RepositoryConfigurationDelegate : Bootstrapping Spring Data JPA repositories in DEFAULT mode.
2025-11-10T20:43:44.499+08:00  INFO 14224 --- [quotes-facts-service] [main] .s.d.r.c.RepositoryConfigurationDelegate : Finished Spring Data repository scanning in 45 ms. Found 4 JPA repository interfaces.
2025-11-10T20:43:45.014+08:00  INFO 14224 --- [quotes-facts-service] [main] o.s.b.w.embedded.tomcat.TomcatWebServer  : Tomcat initialized with port 8386 (http)
2025-11-10T20:43:45.026+08:00  INFO 14224 --- [quotes-facts-service] [main] o.apache.catalina.core.StandardService   : Starting service [Tomcat]
2025-11-10T20:43:45.027+08:00  INFO 14224 --- [quotes-facts-service] [main] o.apache.catalina.core.StandardEngine    : Starting Servlet engine: [Apache Tomcat/10.1.48]
2025-11-10T20:43:45.072+08:00  INFO 14224 --- [quotes-facts-service] [main] o.a.c.c.C.[Tomcat].[localhost].[/]       : Initializing Spring embedded WebApplicationContext
2025-11-10T20:43:45.073+08:00  INFO 14224 --- [quotes-facts-service] [main] w.s.c.ServletWebServerApplicationContext : Root WebApplicationContext: initialization completed in 1389 ms
2025-11-10T20:43:45.288+08:00  INFO 14224 --- [quotes-facts-service] [main] o.hibernate.jpa.internal.util.LogHelper  : HHH000204: Processing PersistenceUnitInfo [name: default]
2025-11-10T20:43:45.342+08:00  INFO 14224 --- [quotes-facts-service] [main] org.hibernate.Version                    : HHH000412: Hibernate ORM core version 6.6.33.Final
2025-11-10T20:43:45.369+08:00  INFO 14224 --- [quotes-facts-service] [main] o.h.c.internal.RegionFactoryInitiator    : HHH000026: Second-level cache disabled
2025-11-10T20:43:45.457+08:00  INFO 14224 --- [quotes-facts-service] [main] com.zaxxer.hikari.HikariDataSource       : HikariPool-1 - Starting...
2025-11-10T20:43:45.460+08:00  WARN 14224 --- [quotes-facts-service] [main] c.zaxxer.hikari.util.DriverDataSource    : Registered driver with driverClassName=com.mysql.jdbc.Driver was not found, trying direct instantiation.
2025-11-10T20:43:45.780+08:00  INFO 14224 --- [quotes-facts-service] [main] com.zaxxer.hikari.pool.HikariPool        : HikariPool-1 - Added connection com.mysql.cj.jdbc.ConnectionImpl@1bfa5a13
2025-11-10T20:43:45.781+08:00  INFO 14224 --- [quotes-facts-service] [main] com.zaxxer.hikari.HikariDataSource       : HikariPool-1 - Start completed.
2025-11-10T20:43:45.834+08:00  WARN 14224 --- [quotes-facts-service] [main] org.hibernate.orm.deprecation            : HHH90000025: MySQL8Dialect does not need to be specified explicitly using 'hibernate.dialect' (remove the property setting and it will be selected by default)
2025-11-10T20:43:45.835+08:00  WARN 14224 --- [quotes-facts-service] [main] org.hibernate.orm.deprecation            : HHH90000026: MySQL8Dialect has been deprecated; use org.hibernate.dialect.MySQLDialect instead
2025-11-10T20:43:45.847+08:00  INFO 14224 --- [quotes-facts-service] [main] org.hibernate.orm.connections.pooling    : HHH10001005: Database info:
	Database JDBC URL [Connecting through datasource 'HikariDataSource (HikariPool-1)']
	Database driver: undefined/unknown
	Database version: 8.0
	Autocommit mode: undefined/unknown
	Isolation level: undefined/unknown
	Minimum pool size: undefined/unknown
	Maximum pool size: undefined/unknown
2025-11-10T20:43:46.044+08:00  INFO 14224 --- [quotes-facts-service] [main] o.s.o.j.p.SpringPersistenceUnitInfo      : No LoadTimeWeaver setup: ignoring JPA class transformer
2025-11-10T20:43:46.716+08:00  INFO 14224 --- [quotes-facts-service] [main] o.h.e.t.j.p.i.JtaPlatformInitiator       : HHH000489: No JTA platform available (set 'hibernate.transaction.jta.platform' to enable JTA platform integration)
2025-11-10T20:43:46.775+08:00  INFO 14224 --- [quotes-facts-service] [main] j.LocalContainerEntityManagerFactoryBean : Initialized JPA EntityManagerFactory for persistence unit 'default'
2025-11-10T20:43:47.065+08:00  INFO 14224 --- [quotes-facts-service] [main] o.s.d.j.r.query.QueryEnhancerFactory     : Hibernate is in classpath; If applicable, HQL parser will be used.
2025-11-10T20:43:47.834+08:00  WARN 14224 --- [quotes-facts-service] [main] JpaBaseConfiguration$JpaWebConfiguration : spring.jpa.open-in-view is enabled by default. Therefore, database queries may be performed during view rendering. Explicitly configure spring.jpa.open-in-view to disable this warning
2025-11-10T20:43:48.233+08:00  INFO 14224 --- [quotes-facts-service] [main] o.s.b.w.embedded.tomcat.TomcatWebServer  : Tomcat started on port 8386 (http) with context path '/'
2025-11-10T20:43:48.239+08:00  INFO 14224 --- [quotes-facts-service] [main] c.g.quotesfacts.QuotesFactsApplication   : Started QuotesFactsApplication in 5.038 seconds (process running for 5.39)
